{"E:\\venkatesh\\works\\React\\rueckwand-task\\src\\App.jsx": {"path":"E:\\venkatesh\\works\\React\\rueckwand-task\\src\\App.jsx","all":true,"statementMap":{"0":{"start":{"line":1,"column":0},"end":{"line":1,"column":33}},"1":{"start":{"line":2,"column":0},"end":{"line":2,"column":19}},"2":{"start":{"line":3,"column":0},"end":{"line":3,"column":41}},"3":{"start":{"line":4,"column":0},"end":{"line":4,"column":43}},"4":{"start":{"line":5,"column":0},"end":{"line":5,"column":30}},"6":{"start":{"line":7,"column":0},"end":{"line":7,"column":16}},"7":{"start":{"line":8,"column":0},"end":{"line":8,"column":49}},"8":{"start":{"line":9,"column":0},"end":{"line":9,"column":34}},"9":{"start":{"line":10,"column":0},"end":{"line":10,"column":25}},"10":{"start":{"line":11,"column":0},"end":{"line":11,"column":24}},"11":{"start":{"line":12,"column":0},"end":{"line":12,"column":71}},"12":{"start":{"line":13,"column":0},"end":{"line":13,"column":7}},"13":{"start":{"line":14,"column":0},"end":{"line":14,"column":6}},"14":{"start":{"line":15,"column":0},"end":{"line":15,"column":4}},"15":{"start":{"line":16,"column":0},"end":{"line":16,"column":10}},"16":{"start":{"line":17,"column":0},"end":{"line":17,"column":35}},"17":{"start":{"line":18,"column":0},"end":{"line":18,"column":54}},"18":{"start":{"line":19,"column":0},"end":{"line":19,"column":69}},"19":{"start":{"line":20,"column":0},"end":{"line":20,"column":10}},"21":{"start":{"line":22,"column":0},"end":{"line":22,"column":1}},"23":{"start":{"line":24,"column":0},"end":{"line":24,"column":19}}},"s":{"0":0,"1":0,"2":0,"3":0,"4":0,"6":0,"7":0,"8":0,"9":0,"10":0,"11":0,"12":0,"13":0,"14":0,"15":0,"16":0,"17":0,"18":0,"19":0,"21":0,"23":0},"branchMap":{"0":{"type":"branch","line":1,"loc":{"start":{"line":1,"column":627},"end":{"line":24,"column":19}},"locations":[{"start":{"line":1,"column":627},"end":{"line":24,"column":19}}]}},"b":{"0":[0]},"fnMap":{"0":{"name":"(empty-report)","decl":{"start":{"line":1,"column":627},"end":{"line":24,"column":19}},"loc":{"start":{"line":1,"column":627},"end":{"line":24,"column":19}},"line":1}},"f":{"0":0}}
,"E:\\venkatesh\\works\\React\\rueckwand-task\\src\\main.jsx": {"path":"E:\\venkatesh\\works\\React\\rueckwand-task\\src\\main.jsx","all":true,"statementMap":{"0":{"start":{"line":1,"column":0},"end":{"line":1,"column":34}},"1":{"start":{"line":2,"column":0},"end":{"line":2,"column":45}},"2":{"start":{"line":3,"column":0},"end":{"line":3,"column":20}},"3":{"start":{"line":4,"column":0},"end":{"line":4,"column":27}},"5":{"start":{"line":6,"column":0},"end":{"line":6,"column":51}},"6":{"start":{"line":7,"column":0},"end":{"line":7,"column":14}},"7":{"start":{"line":8,"column":0},"end":{"line":8,"column":11}},"8":{"start":{"line":9,"column":0},"end":{"line":9,"column":16}},"9":{"start":{"line":10,"column":0},"end":{"line":10,"column":1}}},"s":{"0":0,"1":0,"2":0,"3":0,"5":0,"6":0,"7":0,"8":0,"9":0},"branchMap":{"0":{"type":"branch","line":1,"loc":{"start":{"line":1,"column":202},"end":{"line":10,"column":-147}},"locations":[{"start":{"line":1,"column":202},"end":{"line":10,"column":-147}}]}},"b":{"0":[0]},"fnMap":{"0":{"name":"(empty-report)","decl":{"start":{"line":1,"column":202},"end":{"line":10,"column":-147}},"loc":{"start":{"line":1,"column":202},"end":{"line":10,"column":-147}},"line":1}},"f":{"0":0}}
,"E:\\venkatesh\\works\\React\\rueckwand-task\\src\\material.js": {"path":"E:\\venkatesh\\works\\React\\rueckwand-task\\src\\material.js","all":true,"statementMap":{"0":{"start":{"line":1,"column":0},"end":{"line":1,"column":18}},"1":{"start":{"line":2,"column":0},"end":{"line":2,"column":3}},"2":{"start":{"line":3,"column":0},"end":{"line":3,"column":10}},"3":{"start":{"line":4,"column":0},"end":{"line":4,"column":23}},"4":{"start":{"line":5,"column":0},"end":{"line":5,"column":37}},"5":{"start":{"line":6,"column":0},"end":{"line":6,"column":13}},"6":{"start":{"line":7,"column":0},"end":{"line":7,"column":4}},"7":{"start":{"line":8,"column":0},"end":{"line":8,"column":3}},"8":{"start":{"line":9,"column":0},"end":{"line":9,"column":10}},"9":{"start":{"line":10,"column":0},"end":{"line":10,"column":23}},"10":{"start":{"line":11,"column":0},"end":{"line":11,"column":37}},"11":{"start":{"line":12,"column":0},"end":{"line":12,"column":14}},"12":{"start":{"line":13,"column":0},"end":{"line":13,"column":4}},"13":{"start":{"line":14,"column":0},"end":{"line":14,"column":3}},"14":{"start":{"line":15,"column":0},"end":{"line":15,"column":10}},"15":{"start":{"line":16,"column":0},"end":{"line":16,"column":23}},"16":{"start":{"line":17,"column":0},"end":{"line":17,"column":37}},"17":{"start":{"line":18,"column":0},"end":{"line":18,"column":14}},"18":{"start":{"line":19,"column":0},"end":{"line":19,"column":4}},"19":{"start":{"line":20,"column":0},"end":{"line":20,"column":3}},"20":{"start":{"line":21,"column":0},"end":{"line":21,"column":10}},"21":{"start":{"line":22,"column":0},"end":{"line":22,"column":23}},"22":{"start":{"line":23,"column":0},"end":{"line":23,"column":37}},"23":{"start":{"line":24,"column":0},"end":{"line":24,"column":14}},"24":{"start":{"line":25,"column":0},"end":{"line":25,"column":4}},"25":{"start":{"line":26,"column":0},"end":{"line":26,"column":3}},"26":{"start":{"line":27,"column":0},"end":{"line":27,"column":10}},"27":{"start":{"line":28,"column":0},"end":{"line":28,"column":23}},"28":{"start":{"line":29,"column":0},"end":{"line":29,"column":37}},"29":{"start":{"line":30,"column":0},"end":{"line":30,"column":14}},"30":{"start":{"line":31,"column":0},"end":{"line":31,"column":4}},"31":{"start":{"line":32,"column":0},"end":{"line":32,"column":2}},"32":{"start":{"line":33,"column":0},"end":{"line":33,"column":24}}},"s":{"0":0,"1":0,"2":0,"3":0,"4":0,"5":0,"6":0,"7":0,"8":0,"9":0,"10":0,"11":0,"12":0,"13":0,"14":0,"15":0,"16":0,"17":0,"18":0,"19":0,"20":0,"21":0,"22":0,"23":0,"24":0,"25":0,"26":0,"27":0,"28":0,"29":0,"30":0,"31":0,"32":0},"branchMap":{"0":{"type":"branch","line":1,"loc":{"start":{"line":1,"column":562},"end":{"line":33,"column":24}},"locations":[{"start":{"line":1,"column":562},"end":{"line":33,"column":24}}]}},"b":{"0":[0]},"fnMap":{"0":{"name":"(empty-report)","decl":{"start":{"line":1,"column":562},"end":{"line":33,"column":24}},"loc":{"start":{"line":1,"column":562},"end":{"line":33,"column":24}},"line":1}},"f":{"0":0}}
,"E:\\venkatesh\\works\\React\\rueckwand-task\\src\\components\\Banner.jsx": {"path":"E:\\venkatesh\\works\\React\\rueckwand-task\\src\\components\\Banner.jsx","all":false,"statementMap":{"0":{"start":{"line":1,"column":0},"end":{"line":1,"column":51}},"1":{"start":{"line":2,"column":0},"end":{"line":2,"column":46}},"3":{"start":{"line":4,"column":0},"end":{"line":4,"column":34}},"4":{"start":{"line":5,"column":0},"end":{"line":5,"column":34}},"5":{"start":{"line":6,"column":0},"end":{"line":6,"column":48}},"6":{"start":{"line":7,"column":0},"end":{"line":7,"column":48}},"7":{"start":{"line":8,"column":0},"end":{"line":8,"column":54}},"8":{"start":{"line":9,"column":0},"end":{"line":9,"column":46}},"10":{"start":{"line":11,"column":0},"end":{"line":11,"column":19}},"11":{"start":{"line":12,"column":0},"end":{"line":12,"column":20}},"12":{"start":{"line":13,"column":0},"end":{"line":13,"column":28}},"13":{"start":{"line":14,"column":0},"end":{"line":14,"column":28}},"14":{"start":{"line":15,"column":0},"end":{"line":15,"column":31}},"15":{"start":{"line":16,"column":0},"end":{"line":16,"column":28}},"17":{"start":{"line":18,"column":0},"end":{"line":18,"column":34}},"18":{"start":{"line":19,"column":0},"end":{"line":19,"column":35}},"19":{"start":{"line":20,"column":0},"end":{"line":20,"column":35}},"20":{"start":{"line":21,"column":0},"end":{"line":21,"column":5}},"21":{"start":{"line":22,"column":0},"end":{"line":22,"column":26}},"24":{"start":{"line":25,"column":0},"end":{"line":25,"column":19}},"25":{"start":{"line":26,"column":0},"end":{"line":26,"column":21}},"26":{"start":{"line":27,"column":0},"end":{"line":27,"column":59}},"27":{"start":{"line":28,"column":0},"end":{"line":28,"column":39}},"28":{"start":{"line":29,"column":0},"end":{"line":29,"column":17}},"30":{"start":{"line":31,"column":0},"end":{"line":31,"column":31}},"31":{"start":{"line":32,"column":0},"end":{"line":32,"column":23}},"32":{"start":{"line":33,"column":0},"end":{"line":33,"column":49}},"33":{"start":{"line":34,"column":0},"end":{"line":34,"column":4}},"35":{"start":{"line":36,"column":0},"end":{"line":36,"column":30}},"36":{"start":{"line":37,"column":0},"end":{"line":37,"column":48}},"37":{"start":{"line":38,"column":0},"end":{"line":38,"column":4}},"39":{"start":{"line":40,"column":0},"end":{"line":40,"column":23}},"40":{"start":{"line":41,"column":0},"end":{"line":41,"column":18}},"41":{"start":{"line":42,"column":0},"end":{"line":42,"column":23}},"42":{"start":{"line":43,"column":0},"end":{"line":43,"column":23}},"43":{"start":{"line":44,"column":0},"end":{"line":44,"column":26}},"44":{"start":{"line":45,"column":0},"end":{"line":45,"column":26}},"45":{"start":{"line":46,"column":0},"end":{"line":46,"column":19}},"46":{"start":{"line":47,"column":0},"end":{"line":47,"column":28}},"47":{"start":{"line":48,"column":0},"end":{"line":48,"column":28}},"48":{"start":{"line":49,"column":0},"end":{"line":49,"column":31}},"49":{"start":{"line":50,"column":0},"end":{"line":50,"column":29}},"50":{"start":{"line":51,"column":0},"end":{"line":51,"column":10}},"51":{"start":{"line":52,"column":0},"end":{"line":52,"column":36}},"52":{"start":{"line":53,"column":0},"end":{"line":53,"column":39}},"53":{"start":{"line":54,"column":0},"end":{"line":54,"column":16}},"54":{"start":{"line":55,"column":0},"end":{"line":55,"column":19}},"55":{"start":{"line":56,"column":0},"end":{"line":56,"column":18}},"56":{"start":{"line":57,"column":0},"end":{"line":57,"column":33}},"57":{"start":{"line":58,"column":0},"end":{"line":58,"column":26}},"58":{"start":{"line":59,"column":0},"end":{"line":59,"column":28}},"59":{"start":{"line":60,"column":0},"end":{"line":60,"column":33}},"60":{"start":{"line":61,"column":0},"end":{"line":61,"column":28}},"61":{"start":{"line":62,"column":0},"end":{"line":62,"column":12}},"62":{"start":{"line":63,"column":0},"end":{"line":63,"column":37}},"64":{"start":{"line":65,"column":0},"end":{"line":65,"column":34}},"65":{"start":{"line":66,"column":0},"end":{"line":66,"column":16}},"66":{"start":{"line":67,"column":0},"end":{"line":67,"column":33}},"67":{"start":{"line":68,"column":0},"end":{"line":68,"column":34}},"68":{"start":{"line":69,"column":0},"end":{"line":69,"column":49}},"69":{"start":{"line":70,"column":0},"end":{"line":70,"column":68}},"70":{"start":{"line":71,"column":0},"end":{"line":71,"column":14}},"71":{"start":{"line":72,"column":0},"end":{"line":72,"column":16}},"73":{"start":{"line":74,"column":0},"end":{"line":74,"column":29}},"74":{"start":{"line":75,"column":0},"end":{"line":75,"column":16}},"75":{"start":{"line":76,"column":0},"end":{"line":76,"column":22}},"76":{"start":{"line":77,"column":0},"end":{"line":77,"column":37}},"77":{"start":{"line":78,"column":0},"end":{"line":78,"column":32}},"78":{"start":{"line":79,"column":0},"end":{"line":79,"column":31}},"79":{"start":{"line":80,"column":0},"end":{"line":80,"column":51}},"80":{"start":{"line":81,"column":0},"end":{"line":81,"column":26}},"81":{"start":{"line":82,"column":0},"end":{"line":82,"column":27}},"82":{"start":{"line":83,"column":0},"end":{"line":83,"column":36}},"83":{"start":{"line":84,"column":0},"end":{"line":84,"column":40}},"84":{"start":{"line":85,"column":0},"end":{"line":85,"column":16}},"85":{"start":{"line":86,"column":0},"end":{"line":86,"column":14}},"87":{"start":{"line":88,"column":0},"end":{"line":88,"column":18}},"88":{"start":{"line":89,"column":0},"end":{"line":89,"column":12}},"90":{"start":{"line":91,"column":0},"end":{"line":91,"column":36}},"91":{"start":{"line":92,"column":0},"end":{"line":92,"column":36}},"92":{"start":{"line":93,"column":0},"end":{"line":93,"column":38}},"93":{"start":{"line":94,"column":0},"end":{"line":94,"column":39}},"94":{"start":{"line":95,"column":0},"end":{"line":95,"column":16}},"95":{"start":{"line":96,"column":0},"end":{"line":96,"column":18}},"96":{"start":{"line":97,"column":0},"end":{"line":97,"column":25}},"97":{"start":{"line":98,"column":0},"end":{"line":98,"column":29}},"98":{"start":{"line":99,"column":0},"end":{"line":99,"column":66}},"99":{"start":{"line":100,"column":0},"end":{"line":100,"column":12}},"100":{"start":{"line":101,"column":0},"end":{"line":101,"column":39}},"101":{"start":{"line":102,"column":0},"end":{"line":102,"column":16}},"102":{"start":{"line":103,"column":0},"end":{"line":103,"column":18}},"103":{"start":{"line":104,"column":0},"end":{"line":104,"column":25}},"104":{"start":{"line":105,"column":0},"end":{"line":105,"column":29}},"105":{"start":{"line":106,"column":0},"end":{"line":106,"column":66}},"106":{"start":{"line":107,"column":0},"end":{"line":107,"column":12}},"107":{"start":{"line":108,"column":0},"end":{"line":108,"column":55}},"109":{"start":{"line":110,"column":0},"end":{"line":110,"column":19}},"110":{"start":{"line":111,"column":0},"end":{"line":111,"column":15}},"111":{"start":{"line":112,"column":0},"end":{"line":112,"column":12}},"112":{"start":{"line":113,"column":0},"end":{"line":113,"column":10}},"114":{"start":{"line":115,"column":0},"end":{"line":115,"column":2}},"116":{"start":{"line":117,"column":0},"end":{"line":117,"column":22}}},"s":{"0":1,"1":1,"3":1,"4":6,"5":6,"6":6,"7":6,"8":6,"10":6,"11":3,"12":3,"13":3,"14":3,"15":3,"17":3,"18":2,"19":2,"20":2,"21":6,"24":6,"25":2,"26":2,"27":2,"28":6,"30":6,"31":1,"32":1,"33":1,"35":6,"36":0,"37":0,"39":6,"40":6,"41":1,"42":1,"43":1,"44":1,"45":5,"46":5,"47":5,"48":5,"49":5,"50":6,"51":6,"52":6,"53":6,"54":6,"55":6,"56":6,"57":6,"58":6,"59":6,"60":6,"61":6,"62":6,"64":6,"65":6,"66":6,"67":6,"68":6,"69":6,"70":6,"71":6,"73":6,"74":6,"75":6,"76":6,"77":6,"78":6,"79":6,"80":6,"81":6,"82":6,"83":6,"84":6,"85":6,"87":6,"88":6,"90":6,"91":6,"92":6,"93":6,"94":6,"95":6,"96":6,"97":6,"98":6,"99":6,"100":6,"101":6,"102":6,"103":6,"104":6,"105":6,"106":6,"107":6,"109":6,"110":6,"111":6,"112":6,"114":6,"116":1},"branchMap":{"0":{"type":"branch","line":4,"loc":{"start":{"line":4,"column":15},"end":{"line":115,"column":2}},"locations":[{"start":{"line":4,"column":15},"end":{"line":115,"column":2}}]},"1":{"type":"branch","line":41,"loc":{"start":{"line":41,"column":5},"end":{"line":42,"column":23}},"locations":[{"start":{"line":41,"column":5},"end":{"line":42,"column":23}}]},"2":{"type":"branch","line":42,"loc":{"start":{"line":42,"column":19},"end":{"line":43,"column":23}},"locations":[{"start":{"line":42,"column":19},"end":{"line":43,"column":23}}]},"3":{"type":"branch","line":43,"loc":{"start":{"line":43,"column":19},"end":{"line":44,"column":26}},"locations":[{"start":{"line":43,"column":19},"end":{"line":44,"column":26}}]},"4":{"type":"branch","line":44,"loc":{"start":{"line":44,"column":19},"end":{"line":45,"column":26}},"locations":[{"start":{"line":44,"column":19},"end":{"line":45,"column":26}}]},"5":{"type":"branch","line":45,"loc":{"start":{"line":45,"column":19},"end":{"line":50,"column":29}},"locations":[{"start":{"line":45,"column":19},"end":{"line":50,"column":29}}]},"6":{"type":"branch","line":67,"loc":{"start":{"line":67,"column":19},"end":{"line":67,"column":33}},"locations":[{"start":{"line":67,"column":19},"end":{"line":67,"column":33}}]},"7":{"type":"branch","line":68,"loc":{"start":{"line":68,"column":19},"end":{"line":68,"column":34}},"locations":[{"start":{"line":68,"column":19},"end":{"line":68,"column":34}}]},"8":{"type":"branch","line":69,"loc":{"start":{"line":69,"column":25},"end":{"line":69,"column":46}},"locations":[{"start":{"line":69,"column":25},"end":{"line":69,"column":46}}]},"9":{"type":"branch","line":70,"loc":{"start":{"line":70,"column":19},"end":{"line":70,"column":68}},"locations":[{"start":{"line":70,"column":19},"end":{"line":70,"column":68}}]},"10":{"type":"branch","line":11,"loc":{"start":{"line":11,"column":12},"end":{"line":22,"column":5}},"locations":[{"start":{"line":11,"column":12},"end":{"line":22,"column":5}}]},"11":{"type":"branch","line":18,"loc":{"start":{"line":18,"column":33},"end":{"line":21,"column":5}},"locations":[{"start":{"line":18,"column":33},"end":{"line":21,"column":5}}]},"12":{"type":"branch","line":25,"loc":{"start":{"line":25,"column":12},"end":{"line":29,"column":5}},"locations":[{"start":{"line":25,"column":12},"end":{"line":29,"column":5}}]},"13":{"type":"branch","line":28,"loc":{"start":{"line":28,"column":11},"end":{"line":28,"column":39}},"locations":[{"start":{"line":28,"column":11},"end":{"line":28,"column":39}}]},"14":{"type":"branch","line":31,"loc":{"start":{"line":31,"column":23},"end":{"line":34,"column":4}},"locations":[{"start":{"line":31,"column":23},"end":{"line":34,"column":4}}]},"15":{"type":"branch","line":99,"loc":{"start":{"line":99,"column":22},"end":{"line":99,"column":66}},"locations":[{"start":{"line":99,"column":22},"end":{"line":99,"column":66}}]},"16":{"type":"branch","line":106,"loc":{"start":{"line":106,"column":22},"end":{"line":106,"column":66}},"locations":[{"start":{"line":106,"column":22},"end":{"line":106,"column":66}}]}},"b":{"0":[6],"1":[1],"2":[1],"3":[1],"4":[1],"5":[5],"6":[0],"7":[0],"8":[0],"9":[0],"10":[3],"11":[2],"12":[2],"13":[2],"14":[1],"15":[1],"16":[1]},"fnMap":{"0":{"name":"Banner","decl":{"start":{"line":4,"column":15},"end":{"line":115,"column":2}},"loc":{"start":{"line":4,"column":15},"end":{"line":115,"column":2}},"line":4},"1":{"name":"handleSubmit","decl":{"start":{"line":31,"column":23},"end":{"line":34,"column":4}},"loc":{"start":{"line":31,"column":23},"end":{"line":34,"column":4}},"line":31},"2":{"name":"resetToMouse","decl":{"start":{"line":36,"column":23},"end":{"line":38,"column":4}},"loc":{"start":{"line":36,"column":23},"end":{"line":38,"column":4}},"line":36},"3":{"name":"onChange","decl":{"start":{"line":99,"column":22},"end":{"line":99,"column":66}},"loc":{"start":{"line":99,"column":22},"end":{"line":99,"column":66}},"line":99},"4":{"name":"onChange","decl":{"start":{"line":106,"column":22},"end":{"line":106,"column":66}},"loc":{"start":{"line":106,"column":22},"end":{"line":106,"column":66}},"line":106}},"f":{"0":6,"1":1,"2":0,"3":1,"4":1}}
,"E:\\venkatesh\\works\\React\\rueckwand-task\\src\\components\\SideBar.jsx": {"path":"E:\\venkatesh\\works\\React\\rueckwand-task\\src\\components\\SideBar.jsx","all":false,"statementMap":{"0":{"start":{"line":1,"column":0},"end":{"line":1,"column":26}},"2":{"start":{"line":3,"column":0},"end":{"line":3,"column":51}},"3":{"start":{"line":4,"column":0},"end":{"line":4,"column":10}},"4":{"start":{"line":5,"column":0},"end":{"line":5,"column":40}},"5":{"start":{"line":6,"column":0},"end":{"line":6,"column":40}},"6":{"start":{"line":7,"column":0},"end":{"line":7,"column":35}},"7":{"start":{"line":8,"column":0},"end":{"line":8,"column":33}},"8":{"start":{"line":9,"column":0},"end":{"line":9,"column":15}},"9":{"start":{"line":10,"column":0},"end":{"line":10,"column":46}},"10":{"start":{"line":11,"column":0},"end":{"line":11,"column":50}},"11":{"start":{"line":12,"column":0},"end":{"line":12,"column":24}},"13":{"start":{"line":14,"column":0},"end":{"line":14,"column":22}},"14":{"start":{"line":15,"column":0},"end":{"line":15,"column":17}},"15":{"start":{"line":16,"column":0},"end":{"line":16,"column":11}},"16":{"start":{"line":17,"column":0},"end":{"line":17,"column":12}},"17":{"start":{"line":18,"column":0},"end":{"line":18,"column":10}},"19":{"start":{"line":20,"column":0},"end":{"line":20,"column":2}},"21":{"start":{"line":22,"column":0},"end":{"line":22,"column":23}}},"s":{"0":1,"2":1,"3":3,"4":3,"5":3,"6":3,"7":3,"8":4,"9":4,"10":4,"11":4,"13":4,"14":4,"15":3,"16":3,"17":3,"19":3,"21":1},"branchMap":{"0":{"type":"branch","line":3,"loc":{"start":{"line":3,"column":16},"end":{"line":20,"column":2}},"locations":[{"start":{"line":3,"column":16},"end":{"line":20,"column":2}}]},"1":{"type":"branch","line":8,"loc":{"start":{"line":8,"column":9},"end":{"line":8,"column":23}},"locations":[{"start":{"line":8,"column":9},"end":{"line":8,"column":23}}]},"2":{"type":"branch","line":8,"loc":{"start":{"line":8,"column":23},"end":{"line":15,"column":17}},"locations":[{"start":{"line":8,"column":23},"end":{"line":15,"column":17}}]},"3":{"type":"branch","line":11,"loc":{"start":{"line":11,"column":21},"end":{"line":11,"column":50}},"locations":[{"start":{"line":11,"column":21},"end":{"line":11,"column":50}}]}},"b":{"0":[3],"1":[2],"2":[4],"3":[1]},"fnMap":{"0":{"name":"SideBar","decl":{"start":{"line":3,"column":16},"end":{"line":20,"column":2}},"loc":{"start":{"line":3,"column":16},"end":{"line":20,"column":2}},"line":3},"1":{"name":"onClick","decl":{"start":{"line":11,"column":21},"end":{"line":11,"column":50}},"loc":{"start":{"line":11,"column":21},"end":{"line":11,"column":50}},"line":11}},"f":{"0":3,"1":1}}
}
